{"C:\\Users\\Min\\OneDrive - Högskolan Dalarna\\dynamisk webbapplikationer\\gik339-28-projekt - kopia\\server\\db.js": {"path":"C:\\Users\\Min\\OneDrive - Högskolan Dalarna\\dynamisk webbapplikationer\\gik339-28-projekt - kopia\\server\\db.js","statementMap":{"0":{"start":{"line":1,"column":16},"end":{"line":1,"column":44}},"1":{"start":{"line":2,"column":13},"end":{"line":2,"column":28}},"2":{"start":{"line":4,"column":15},"end":{"line":4,"column":50}},"3":{"start":{"line":5,"column":11},"end":{"line":5,"column":39}},"4":{"start":{"line":7,"column":0},"end":{"line":17,"column":3}},"5":{"start":{"line":8,"column":2},"end":{"line":16,"column":5}},"6":{"start":{"line":19,"column":0},"end":{"line":19,"column":20}}},"fnMap":{"0":{"name":"(anonymous_0)","decl":{"start":{"line":7,"column":13},"end":{"line":7,"column":14}},"loc":{"start":{"line":7,"column":19},"end":{"line":17,"column":1}},"line":7}},"branchMap":{},"s":{"0":1,"1":1,"2":1,"3":1,"4":1,"5":1,"6":1},"f":{"0":1},"b":{},"_coverageSchema":"1a1c01bbd47fc00a2c39e90264f33305004495a9","hash":"cc9c202eb380d9c94734514008cfceb72c8b5d00"}
,"C:\\Users\\Min\\OneDrive - Högskolan Dalarna\\dynamisk webbapplikationer\\gik339-28-projekt - kopia\\server\\server.js": {"path":"C:\\Users\\Min\\OneDrive - Högskolan Dalarna\\dynamisk webbapplikationer\\gik339-28-projekt - kopia\\server\\server.js","statementMap":{"0":{"start":{"line":1,"column":16},"end":{"line":1,"column":34}},"1":{"start":{"line":2,"column":13},"end":{"line":2,"column":28}},"2":{"start":{"line":3,"column":11},"end":{"line":3,"column":26}},"3":{"start":{"line":5,"column":12},"end":{"line":5,"column":21}},"4":{"start":{"line":6,"column":13},"end":{"line":6,"column":17}},"5":{"start":{"line":8,"column":0},"end":{"line":8,"column":24}},"6":{"start":{"line":9,"column":0},"end":{"line":9,"column":62}},"7":{"start":{"line":12,"column":0},"end":{"line":17,"column":3}},"8":{"start":{"line":13,"column":2},"end":{"line":16,"column":5}},"9":{"start":{"line":14,"column":4},"end":{"line":14,"column":84}},"10":{"start":{"line":14,"column":13},"end":{"line":14,"column":84}},"11":{"start":{"line":15,"column":4},"end":{"line":15,"column":19}},"12":{"start":{"line":20,"column":0},"end":{"line":36,"column":3}},"13":{"start":{"line":21,"column":2},"end":{"line":35,"column":3}},"14":{"start":{"line":22,"column":43},"end":{"line":22,"column":51}},"15":{"start":{"line":24,"column":4},"end":{"line":26,"column":5}},"16":{"start":{"line":25,"column":6},"end":{"line":25,"column":63}},"17":{"start":{"line":28,"column":16},"end":{"line":28,"column":85}},"18":{"start":{"line":29,"column":4},"end":{"line":32,"column":7}},"19":{"start":{"line":30,"column":6},"end":{"line":30,"column":86}},"20":{"start":{"line":30,"column":15},"end":{"line":30,"column":86}},"21":{"start":{"line":31,"column":6},"end":{"line":31,"column":73}},"22":{"start":{"line":34,"column":4},"end":{"line":34,"column":69}},"23":{"start":{"line":39,"column":0},"end":{"line":56,"column":3}},"24":{"start":{"line":40,"column":2},"end":{"line":55,"column":3}},"25":{"start":{"line":41,"column":47},"end":{"line":41,"column":55}},"26":{"start":{"line":43,"column":4},"end":{"line":45,"column":5}},"27":{"start":{"line":44,"column":6},"end":{"line":44,"column":63}},"28":{"start":{"line":47,"column":16},"end":{"line":47,"column":91}},"29":{"start":{"line":48,"column":4},"end":{"line":52,"column":7}},"30":{"start":{"line":49,"column":6},"end":{"line":49,"column":86}},"31":{"start":{"line":49,"column":15},"end":{"line":49,"column":86}},"32":{"start":{"line":50,"column":6},"end":{"line":50,"column":108}},"33":{"start":{"line":50,"column":30},"end":{"line":50,"column":108}},"34":{"start":{"line":51,"column":6},"end":{"line":51,"column":48}},"35":{"start":{"line":54,"column":4},"end":{"line":54,"column":69}},"36":{"start":{"line":59,"column":0},"end":{"line":67,"column":3}},"37":{"start":{"line":60,"column":13},"end":{"line":60,"column":34}},"38":{"start":{"line":62,"column":2},"end":{"line":66,"column":5}},"39":{"start":{"line":63,"column":4},"end":{"line":63,"column":84}},"40":{"start":{"line":63,"column":13},"end":{"line":63,"column":84}},"41":{"start":{"line":64,"column":4},"end":{"line":64,"column":103}},"42":{"start":{"line":64,"column":28},"end":{"line":64,"column":103}},"43":{"start":{"line":65,"column":4},"end":{"line":65,"column":45}},"44":{"start":{"line":69,"column":0},"end":{"line":73,"column":1}},"45":{"start":{"line":70,"column":2},"end":{"line":72,"column":5}},"46":{"start":{"line":71,"column":4},"end":{"line":71,"column":58}},"47":{"start":{"line":75,"column":0},"end":{"line":75,"column":21}},"48":{"start":{"line":76,"column":0},"end":{"line":79,"column":3}},"49":{"start":{"line":77,"column":2},"end":{"line":77,"column":35}},"50":{"start":{"line":78,"column":2},"end":{"line":78,"column":18}}},"fnMap":{"0":{"name":"(anonymous_0)","decl":{"start":{"line":12,"column":19},"end":{"line":12,"column":20}},"loc":{"start":{"line":12,"column":33},"end":{"line":17,"column":1}},"line":12},"1":{"name":"(anonymous_1)","decl":{"start":{"line":13,"column":50},"end":{"line":13,"column":51}},"loc":{"start":{"line":13,"column":65},"end":{"line":16,"column":3}},"line":13},"2":{"name":"(anonymous_2)","decl":{"start":{"line":20,"column":20},"end":{"line":20,"column":21}},"loc":{"start":{"line":20,"column":34},"end":{"line":36,"column":1}},"line":20},"3":{"name":"(anonymous_3)","decl":{"start":{"line":29,"column":60},"end":{"line":29,"column":61}},"loc":{"start":{"line":29,"column":75},"end":{"line":32,"column":5}},"line":29},"4":{"name":"(anonymous_4)","decl":{"start":{"line":39,"column":19},"end":{"line":39,"column":20}},"loc":{"start":{"line":39,"column":33},"end":{"line":56,"column":1}},"line":39},"5":{"name":"(anonymous_5)","decl":{"start":{"line":48,"column":64},"end":{"line":48,"column":65}},"loc":{"start":{"line":48,"column":79},"end":{"line":52,"column":5}},"line":48},"6":{"name":"(anonymous_6)","decl":{"start":{"line":59,"column":26},"end":{"line":59,"column":27}},"loc":{"start":{"line":59,"column":40},"end":{"line":67,"column":1}},"line":59},"7":{"name":"(anonymous_7)","decl":{"start":{"line":62,"column":50},"end":{"line":62,"column":51}},"loc":{"start":{"line":62,"column":65},"end":{"line":66,"column":3}},"line":62},"8":{"name":"(anonymous_8)","decl":{"start":{"line":70,"column":19},"end":{"line":70,"column":20}},"loc":{"start":{"line":70,"column":25},"end":{"line":72,"column":3}},"line":70},"9":{"name":"(anonymous_9)","decl":{"start":{"line":76,"column":21},"end":{"line":76,"column":22}},"loc":{"start":{"line":76,"column":27},"end":{"line":79,"column":1}},"line":76}},"branchMap":{"0":{"loc":{"start":{"line":14,"column":4},"end":{"line":14,"column":84}},"type":"if","locations":[{"start":{"line":14,"column":4},"end":{"line":14,"column":84}},{"start":{},"end":{}}],"line":14},"1":{"loc":{"start":{"line":24,"column":4},"end":{"line":26,"column":5}},"type":"if","locations":[{"start":{"line":24,"column":4},"end":{"line":26,"column":5}},{"start":{},"end":{}}],"line":24},"2":{"loc":{"start":{"line":24,"column":8},"end":{"line":24,"column":80}},"type":"binary-expr","locations":[{"start":{"line":24,"column":8},"end":{"line":24,"column":14}},{"start":{"line":24,"column":18},"end":{"line":24,"column":24}},{"start":{"line":24,"column":28},"end":{"line":24,"column":51}},{"start":{"line":24,"column":55},"end":{"line":24,"column":80}}],"line":24},"3":{"loc":{"start":{"line":30,"column":6},"end":{"line":30,"column":86}},"type":"if","locations":[{"start":{"line":30,"column":6},"end":{"line":30,"column":86}},{"start":{},"end":{}}],"line":30},"4":{"loc":{"start":{"line":43,"column":4},"end":{"line":45,"column":5}},"type":"if","locations":[{"start":{"line":43,"column":4},"end":{"line":45,"column":5}},{"start":{},"end":{}}],"line":43},"5":{"loc":{"start":{"line":43,"column":8},"end":{"line":43,"column":105}},"type":"binary-expr","locations":[{"start":{"line":43,"column":8},"end":{"line":43,"column":29}},{"start":{"line":43,"column":33},"end":{"line":43,"column":39}},{"start":{"line":43,"column":43},"end":{"line":43,"column":49}},{"start":{"line":43,"column":53},"end":{"line":43,"column":76}},{"start":{"line":43,"column":80},"end":{"line":43,"column":105}}],"line":43},"6":{"loc":{"start":{"line":49,"column":6},"end":{"line":49,"column":86}},"type":"if","locations":[{"start":{"line":49,"column":6},"end":{"line":49,"column":86}},{"start":{},"end":{}}],"line":49},"7":{"loc":{"start":{"line":50,"column":6},"end":{"line":50,"column":108}},"type":"if","locations":[{"start":{"line":50,"column":6},"end":{"line":50,"column":108}},{"start":{},"end":{}}],"line":50},"8":{"loc":{"start":{"line":63,"column":4},"end":{"line":63,"column":84}},"type":"if","locations":[{"start":{"line":63,"column":4},"end":{"line":63,"column":84}},{"start":{},"end":{}}],"line":63},"9":{"loc":{"start":{"line":64,"column":4},"end":{"line":64,"column":103}},"type":"if","locations":[{"start":{"line":64,"column":4},"end":{"line":64,"column":103}},{"start":{},"end":{}}],"line":64},"10":{"loc":{"start":{"line":69,"column":0},"end":{"line":73,"column":1}},"type":"if","locations":[{"start":{"line":69,"column":0},"end":{"line":73,"column":1}},{"start":{},"end":{}}],"line":69}},"s":{"0":2,"1":2,"2":2,"3":2,"4":2,"5":2,"6":2,"7":2,"8":2,"9":2,"10":0,"11":2,"12":2,"13":5,"14":5,"15":5,"16":1,"17":4,"18":4,"19":4,"20":0,"21":4,"22":0,"23":2,"24":1,"25":1,"26":1,"27":0,"28":1,"29":1,"30":1,"31":0,"32":1,"33":0,"34":1,"35":0,"36":2,"37":1,"38":1,"39":1,"40":0,"41":1,"42":0,"43":1,"44":2,"45":0,"46":0,"47":2,"48":2,"49":0,"50":0},"f":{"0":2,"1":2,"2":5,"3":4,"4":1,"5":1,"6":1,"7":1,"8":0,"9":0},"b":{"0":[0,2],"1":[1,4],"2":[5,4,4,4],"3":[0,4],"4":[0,1],"5":[1,1,1,1,1],"6":[0,1],"7":[0,1],"8":[0,1],"9":[0,1],"10":[0,2]},"_coverageSchema":"1a1c01bbd47fc00a2c39e90264f33305004495a9","hash":"eb762aaacca50b9eb53f9dd605cb2270acc83662"}
}
