TN:
SF:server\db.js
FN:7,(anonymous_0)
FNF:1
FNH:1
FNDA:1,(anonymous_0)
DA:1,1
DA:2,1
DA:4,1
DA:5,1
DA:7,1
DA:8,1
DA:19,1
LF:7
LH:7
BRF:0
BRH:0
end_of_record
TN:
SF:server\server.js
FN:12,(anonymous_0)
FN:13,(anonymous_1)
FN:20,(anonymous_2)
FN:29,(anonymous_3)
FN:39,(anonymous_4)
FN:48,(anonymous_5)
FN:59,(anonymous_6)
FN:62,(anonymous_7)
FN:70,(anonymous_8)
FN:76,(anonymous_9)
FNF:10
FNH:8
FNDA:2,(anonymous_0)
FNDA:2,(anonymous_1)
FNDA:5,(anonymous_2)
FNDA:4,(anonymous_3)
FNDA:1,(anonymous_4)
FNDA:1,(anonymous_5)
FNDA:1,(anonymous_6)
FNDA:1,(anonymous_7)
FNDA:0,(anonymous_8)
FNDA:0,(anonymous_9)
DA:1,2
DA:2,2
DA:3,2
DA:5,2
DA:6,2
DA:8,2
DA:9,2
DA:12,2
DA:13,2
DA:14,2
DA:15,2
DA:20,2
DA:21,5
DA:22,5
DA:24,5
DA:25,1
DA:28,4
DA:29,4
DA:30,4
DA:31,4
DA:34,0
DA:39,2
DA:40,1
DA:41,1
DA:43,1
DA:44,0
DA:47,1
DA:48,1
DA:49,1
DA:50,1
DA:51,1
DA:54,0
DA:59,2
DA:60,1
DA:62,1
DA:63,1
DA:64,1
DA:65,1
DA:69,2
DA:70,0
DA:71,0
DA:75,2
DA:76,2
DA:77,0
DA:78,0
LF:45
LH:38
BRDA:14,0,0,0
BRDA:14,0,1,2
BRDA:24,1,0,1
BRDA:24,1,1,4
BRDA:24,2,0,5
BRDA:24,2,1,4
BRDA:24,2,2,4
BRDA:24,2,3,4
BRDA:30,3,0,0
BRDA:30,3,1,4
BRDA:43,4,0,0
BRDA:43,4,1,1
BRDA:43,5,0,1
BRDA:43,5,1,1
BRDA:43,5,2,1
BRDA:43,5,3,1
BRDA:43,5,4,1
BRDA:49,6,0,0
BRDA:49,6,1,1
BRDA:50,7,0,0
BRDA:50,7,1,1
BRDA:63,8,0,0
BRDA:63,8,1,1
BRDA:64,9,0,0
BRDA:64,9,1,1
BRDA:69,10,0,0
BRDA:69,10,1,2
BRF:27
BRH:19
end_of_record
